<?xml version="1.0" encoding="UTF-8"?>
<testsuite xmlns:xsi="http://www.w3.org/2001/XMLSchema-instance" xsi:noNamespaceSchemaLocation="https://maven.apache.org/surefire/maven-surefire-plugin/xsd/surefire-test-report-3.0.xsd" version="3.0" name="apiTests.UserCreationTest" time="7.388" tests="5" errors="0" skipped="0" failures="0">
  <properties>
    <property name="java.specification.version" value="17"/>
    <property name="sun.cpu.isalist" value="amd64"/>
    <property name="sun.jnu.encoding" value="Cp1251"/>
    <property name="java.class.path" value="C:\Users\Anastasia\IdeaProjects\Diplom_2\target\test-classes;C:\Users\Anastasia\IdeaProjects\Diplom_2\target\classes;C:\Users\Anastasia\.m2\repository\junit\junit\4.13.2\junit-4.13.2.jar;C:\Users\Anastasia\.m2\repository\org\hamcrest\hamcrest-core\1.3\hamcrest-core-1.3.jar;C:\Users\Anastasia\.m2\repository\io\rest-assured\rest-assured\4.5.1\rest-assured-4.5.1.jar;C:\Users\Anastasia\.m2\repository\org\codehaus\groovy\groovy\3.0.9\groovy-3.0.9.jar;C:\Users\Anastasia\.m2\repository\org\codehaus\groovy\groovy-xml\3.0.9\groovy-xml-3.0.9.jar;C:\Users\Anastasia\.m2\repository\org\apache\httpcomponents\httpclient\4.5.13\httpclient-4.5.13.jar;C:\Users\Anastasia\.m2\repository\org\apache\httpcomponents\httpcore\4.4.13\httpcore-4.4.13.jar;C:\Users\Anastasia\.m2\repository\commons-logging\commons-logging\1.2\commons-logging-1.2.jar;C:\Users\Anastasia\.m2\repository\commons-codec\commons-codec\1.11\commons-codec-1.11.jar;C:\Users\Anastasia\.m2\repository\org\apache\httpcomponents\httpmime\4.5.13\httpmime-4.5.13.jar;C:\Users\Anastasia\.m2\repository\org\hamcrest\hamcrest\2.1\hamcrest-2.1.jar;C:\Users\Anastasia\.m2\repository\org\ccil\cowan\tagsoup\tagsoup\1.2.1\tagsoup-1.2.1.jar;C:\Users\Anastasia\.m2\repository\io\rest-assured\json-path\4.5.1\json-path-4.5.1.jar;C:\Users\Anastasia\.m2\repository\org\codehaus\groovy\groovy-json\3.0.9\groovy-json-3.0.9.jar;C:\Users\Anastasia\.m2\repository\io\rest-assured\rest-assured-common\4.5.1\rest-assured-common-4.5.1.jar;C:\Users\Anastasia\.m2\repository\io\rest-assured\xml-path\4.5.1\xml-path-4.5.1.jar;C:\Users\Anastasia\.m2\repository\org\apache\commons\commons-lang3\3.11\commons-lang3-3.11.jar;C:\Users\Anastasia\.m2\repository\io\qameta\allure\allure-junit4\2.17.3\allure-junit4-2.17.3.jar;C:\Users\Anastasia\.m2\repository\io\qameta\allure\allure-java-commons\2.17.3\allure-java-commons-2.17.3.jar;C:\Users\Anastasia\.m2\repository\org\slf4j\slf4j-api\1.7.30\slf4j-api-1.7.30.jar;C:\Users\Anastasia\.m2\repository\io\qameta\allure\allure-model\2.17.3\allure-model-2.17.3.jar;C:\Users\Anastasia\.m2\repository\io\qameta\allure\allure-rest-assured\2.17.3\allure-rest-assured-2.17.3.jar;C:\Users\Anastasia\.m2\repository\io\qameta\allure\allure-attachments\2.17.3\allure-attachments-2.17.3.jar;C:\Users\Anastasia\.m2\repository\org\freemarker\freemarker\2.3.31\freemarker-2.3.31.jar;C:\Users\Anastasia\.m2\repository\com\google\code\gson\gson\2.8.9\gson-2.8.9.jar;"/>
    <property name="java.vm.vendor" value="Amazon.com Inc."/>
    <property name="sun.arch.data.model" value="64"/>
    <property name="user.variant" value=""/>
    <property name="java.vendor.url" value="https://aws.amazon.com/corretto/"/>
    <property name="user.timezone" value="Europe/Moscow"/>
    <property name="os.name" value="Windows 11"/>
    <property name="java.vm.specification.version" value="17"/>
    <property name="sun.java.launcher" value="SUN_STANDARD"/>
    <property name="user.country" value="RU"/>
    <property name="sun.boot.library.path" value="C:\Program Files\Amazon Corretto\jdk17.0.12_7\bin"/>
    <property name="sun.java.command" value="C:\Users\Anastasia\AppData\Local\Temp\surefire15116704192845150125\surefirebooter-20241119130558690_3.jar C:\Users\Anastasia\AppData\Local\Temp\surefire15116704192845150125 2024-11-19T13-05-58_348-jvmRun1 surefire-20241119130558690_1tmp surefire_0-20241119130558690_2tmp"/>
    <property name="jdk.debug" value="release"/>
    <property name="surefire.test.class.path" value="C:\Users\Anastasia\IdeaProjects\Diplom_2\target\test-classes;C:\Users\Anastasia\IdeaProjects\Diplom_2\target\classes;C:\Users\Anastasia\.m2\repository\junit\junit\4.13.2\junit-4.13.2.jar;C:\Users\Anastasia\.m2\repository\org\hamcrest\hamcrest-core\1.3\hamcrest-core-1.3.jar;C:\Users\Anastasia\.m2\repository\io\rest-assured\rest-assured\4.5.1\rest-assured-4.5.1.jar;C:\Users\Anastasia\.m2\repository\org\codehaus\groovy\groovy\3.0.9\groovy-3.0.9.jar;C:\Users\Anastasia\.m2\repository\org\codehaus\groovy\groovy-xml\3.0.9\groovy-xml-3.0.9.jar;C:\Users\Anastasia\.m2\repository\org\apache\httpcomponents\httpclient\4.5.13\httpclient-4.5.13.jar;C:\Users\Anastasia\.m2\repository\org\apache\httpcomponents\httpcore\4.4.13\httpcore-4.4.13.jar;C:\Users\Anastasia\.m2\repository\commons-logging\commons-logging\1.2\commons-logging-1.2.jar;C:\Users\Anastasia\.m2\repository\commons-codec\commons-codec\1.11\commons-codec-1.11.jar;C:\Users\Anastasia\.m2\repository\org\apache\httpcomponents\httpmime\4.5.13\httpmime-4.5.13.jar;C:\Users\Anastasia\.m2\repository\org\hamcrest\hamcrest\2.1\hamcrest-2.1.jar;C:\Users\Anastasia\.m2\repository\org\ccil\cowan\tagsoup\tagsoup\1.2.1\tagsoup-1.2.1.jar;C:\Users\Anastasia\.m2\repository\io\rest-assured\json-path\4.5.1\json-path-4.5.1.jar;C:\Users\Anastasia\.m2\repository\org\codehaus\groovy\groovy-json\3.0.9\groovy-json-3.0.9.jar;C:\Users\Anastasia\.m2\repository\io\rest-assured\rest-assured-common\4.5.1\rest-assured-common-4.5.1.jar;C:\Users\Anastasia\.m2\repository\io\rest-assured\xml-path\4.5.1\xml-path-4.5.1.jar;C:\Users\Anastasia\.m2\repository\org\apache\commons\commons-lang3\3.11\commons-lang3-3.11.jar;C:\Users\Anastasia\.m2\repository\io\qameta\allure\allure-junit4\2.17.3\allure-junit4-2.17.3.jar;C:\Users\Anastasia\.m2\repository\io\qameta\allure\allure-java-commons\2.17.3\allure-java-commons-2.17.3.jar;C:\Users\Anastasia\.m2\repository\org\slf4j\slf4j-api\1.7.30\slf4j-api-1.7.30.jar;C:\Users\Anastasia\.m2\repository\io\qameta\allure\allure-model\2.17.3\allure-model-2.17.3.jar;C:\Users\Anastasia\.m2\repository\io\qameta\allure\allure-rest-assured\2.17.3\allure-rest-assured-2.17.3.jar;C:\Users\Anastasia\.m2\repository\io\qameta\allure\allure-attachments\2.17.3\allure-attachments-2.17.3.jar;C:\Users\Anastasia\.m2\repository\org\freemarker\freemarker\2.3.31\freemarker-2.3.31.jar;C:\Users\Anastasia\.m2\repository\com\google\code\gson\gson\2.8.9\gson-2.8.9.jar;"/>
    <property name="allure.results.directory" value="C:\Users\Anastasia\IdeaProjects\Diplom_2\target/allure-results"/>
    <property name="sun.cpu.endian" value="little"/>
    <property name="user.home" value="C:\Users\Anastasia"/>
    <property name="user.language" value="ru"/>
    <property name="java.specification.vendor" value="Oracle Corporation"/>
    <property name="java.version.date" value="2024-07-16"/>
    <property name="java.home" value="C:\Program Files\Amazon Corretto\jdk17.0.12_7"/>
    <property name="file.separator" value="\"/>
    <property name="basedir" value="C:\Users\Anastasia\IdeaProjects\Diplom_2"/>
    <property name="java.vm.compressedOopsMode" value="Zero based"/>
    <property name="line.separator" value="&#10;"/>
    <property name="java.vm.specification.vendor" value="Oracle Corporation"/>
    <property name="java.specification.name" value="Java Platform API Specification"/>
    <property name="surefire.real.class.path" value="C:\Users\Anastasia\AppData\Local\Temp\surefire15116704192845150125\surefirebooter-20241119130558690_3.jar"/>
    <property name="user.script" value=""/>
    <property name="sun.management.compiler" value="HotSpot 64-Bit Tiered Compilers"/>
    <property name="java.runtime.version" value="17.0.12+7-LTS"/>
    <property name="user.name" value="Stasia"/>
    <property name="path.separator" value=";"/>
    <property name="os.version" value="10.0"/>
    <property name="java.runtime.name" value="OpenJDK Runtime Environment"/>
    <property name="file.encoding" value="UTF-8"/>
    <property name="java.vm.name" value="OpenJDK 64-Bit Server VM"/>
    <property name="java.vendor.version" value="Corretto-17.0.12.7.1"/>
    <property name="localRepository" value="C:\Users\Anastasia\.m2\repository"/>
    <property name="java.vendor.url.bug" value="https://github.com/corretto/corretto-17/issues/"/>
    <property name="java.io.tmpdir" value="C:\Users\ANASTA~1\AppData\Local\Temp\"/>
    <property name="java.version" value="17.0.12"/>
    <property name="user.dir" value="C:\Users\Anastasia\IdeaProjects\Diplom_2"/>
    <property name="os.arch" value="amd64"/>
    <property name="java.vm.specification.name" value="Java Virtual Machine Specification"/>
    <property name="sun.os.patch.level" value=""/>
    <property name="native.encoding" value="Cp1251"/>
    <property name="java.library.path" value="C:\Program Files\Amazon Corretto\jdk17.0.12_7\bin;C:\Windows\Sun\Java\bin;C:\Windows\system32;C:\Windows;C:\Users\Anastasia\bin;C:\Program Files\Git\mingw64\bin;C:\Program Files\Git\usr\local\bin;C:\Program Files\Git\usr\bin;C:\Program Files\Git\usr\bin;C:\Program Files\Git\mingw64\bin;C:\Program Files\Git\usr\bin;C:\Users\Anastasia\bin;C:\Program Files\Amazon Corretto\jdk17.0.12_7\bin;C:\Windows\system32;C:\Windows;C:\Windows\System32\Wbem;C:\Windows\System32\WindowsPowerShell\v1.0;C:\Windows\System32\OpenSSH;C:\Program Files\Git\cmd;C:\Program Files\dotnet;C:\Users\Anastasia\AppData\Local\Microsoft\WindowsApps;C:\Users\Anastasia\AppData\Local\GitHubDesktop\bin;C:\Program Files\apache-maven-3.9.8\bin;C:\Users\Anastasia\.jdks\corretto-11.0.24\bin;D:\Programms\WebStorm 2024.1.5\bin;C:\Users\Anastasia\AppData\Local\Microsoft\WinGet\Packages\Schniz.fnm_Microsoft.Winget.Source_8wekyb3d8bbwe;C:\Users\Anastasia\AppData\Local\Keybase;D:\WebDriver\bin;C:\Program Files\Docker\Docker\resources\bin;C:\Program Files\MySQL\MySQL Shell 8.0\bin;C:\Users\Anastasia\AppData\Local\Microsoft\WindowsApps;C:\Users\Anastasia\AppData\Local\GitHubDesktop\bin;C:\Program Files\apache-maven-3.9.8\bin;C:\Users\Anastasia\.jdks\corretto-11.0.24\bin;D:\Programms\WebStorm 2024.1.5\bin;C:\Users\Anastasia\AppData\Local\Microsoft\WinGet\Packages\Schniz.fnm_Microsoft.Winget.Source_8wekyb3d8bbwe;C:\Users\Anastasia\AppData\Local\Keybase;D:\allure-2.30.0\allure-2.30.0\bin;C:\Program Files\Git\usr\bin\vendor_perl;C:\Program Files\Git\usr\bin\core_perl;."/>
    <property name="java.vm.info" value="mixed mode, sharing"/>
    <property name="java.vendor" value="Amazon.com Inc."/>
    <property name="java.vm.version" value="17.0.12+7-LTS"/>
    <property name="sun.io.unicode.encoding" value="UnicodeLittle"/>
    <property name="java.class.version" value="61.0"/>
  </properties>
  <testcase name="createUserWithoutRequiredFieldPassword" classname="apiTests.UserCreationTest" time="1.273">
    <system-out><![CDATA[Response Code: 403
{
    "success": false,
    "message": "Email, password and name are required fields"
}
Response body:
{
    "success": false,
    "message": "Email, password and name are required fields"
}
]]></system-out>
  </testcase>
  <testcase name="createExistingUser" classname="apiTests.UserCreationTest" time="2.043">
    <system-out><![CDATA[Пользователь успешно создан: user8d7700@yandex.ru
Response Code: 200
{
    "success": true,
    "user": {
        "email": "user8d7700@yandex.ru",
        "name": "User6222de"
    },
    "accessToken": "Bearer eyJhbGciOiJIUzI1NiIsInR5cCI6IkpXVCJ9.eyJpZCI6IjY3M2M2MzE5OWVkMjgwMDAxYjUxMzFhOSIsImlhdCI6MTczMjAxMDc3NywiZXhwIjoxNzMyMDExOTc3fQ.uLF2WoWhe2nCdaB1Memc5Q9TCt0-mOA8E5AGF7ElXsc",
    "refreshToken": "077ae47bb2567222c0be8dd0d383450221c6cc0b6ce0dff7729cd669097e29cf1b35c3f540e80ef1"
}
Response body:
{
    "success": true,
    "user": {
        "email": "user8d7700@yandex.ru",
        "name": "User6222de"
    },
    "accessToken": "Bearer eyJhbGciOiJIUzI1NiIsInR5cCI6IkpXVCJ9.eyJpZCI6IjY3M2M2MzE5OWVkMjgwMDAxYjUxMzFhOSIsImlhdCI6MTczMjAxMDc3NywiZXhwIjoxNzMyMDExOTc3fQ.uLF2WoWhe2nCdaB1Memc5Q9TCt0-mOA8E5AGF7ElXsc",
    "refreshToken": "077ae47bb2567222c0be8dd0d383450221c6cc0b6ce0dff7729cd669097e29cf1b35c3f540e80ef1"
}
Пользователь успешно создан: user8d7700@yandex.ru
Response Code: 403
{
    "success": false,
    "message": "User already exists"
}
Response body:
{
    "success": false,
    "message": "User already exists"
}
Delete Response Code: 202
{
    "success": true,
    "message": "User successfully removed"
}
Delete Response Body:
{
    "success": true,
    "message": "User successfully removed"
}
Пользователь успешно удален
]]></system-out>
  </testcase>
  <testcase name="createUserWithoutRequiredFieldName" classname="apiTests.UserCreationTest" time="0.671">
    <system-out><![CDATA[Response Code: 403
{
    "success": false,
    "message": "Email, password and name are required fields"
}
Response body:
{
    "success": false,
    "message": "Email, password and name are required fields"
}
]]></system-out>
  </testcase>
  <testcase name="creationUniqueUser" classname="apiTests.UserCreationTest" time="2.314">
    <system-out><![CDATA[Пользователь успешно создан: user3210bc@yandex.ru
Response Code: 200
{
    "success": true,
    "user": {
        "email": "user3210bc@yandex.ru",
        "name": "User5a6159"
    },
    "accessToken": "Bearer eyJhbGciOiJIUzI1NiIsInR5cCI6IkpXVCJ9.eyJpZCI6IjY3M2M2MzFkOWVkMjgwMDAxYjUxMzFhYiIsImlhdCI6MTczMjAxMDc4MSwiZXhwIjoxNzMyMDExOTgxfQ.C6SUoBNBvewBK0_OSsKB-B_3op8ekv4sdBBvpj_SNAE",
    "refreshToken": "bded7173949cfe01aa67a417a484b878f784e8396b804010c1b945aa2f0b8b81cfeb8d7fb9b44007"
}
Response body:
{
    "success": true,
    "user": {
        "email": "user3210bc@yandex.ru",
        "name": "User5a6159"
    },
    "accessToken": "Bearer eyJhbGciOiJIUzI1NiIsInR5cCI6IkpXVCJ9.eyJpZCI6IjY3M2M2MzFkOWVkMjgwMDAxYjUxMzFhYiIsImlhdCI6MTczMjAxMDc4MSwiZXhwIjoxNzMyMDExOTgxfQ.C6SUoBNBvewBK0_OSsKB-B_3op8ekv4sdBBvpj_SNAE",
    "refreshToken": "bded7173949cfe01aa67a417a484b878f784e8396b804010c1b945aa2f0b8b81cfeb8d7fb9b44007"
}
Delete Response Code: 202
{
    "success": true,
    "message": "User successfully removed"
}
Delete Response Body:
{
    "success": true,
    "message": "User successfully removed"
}
Пользователь успешно удален
]]></system-out>
  </testcase>
  <testcase name="createUserWithoutRequiredFieldEmail" classname="apiTests.UserCreationTest" time="1.083">
    <system-out><![CDATA[Response Code: 403
{
    "success": false,
    "message": "Email, password and name are required fields"
}
Response body:
{
    "success": false,
    "message": "Email, password and name are required fields"
}
]]></system-out>
  </testcase>
</testsuite>